<?xml version="1.0" encoding="UTF-8"?>
<testsuite name="az.unibank.smartorder.order.application.handler.SagaOrderE2EIntegrationTest" tests="2" skipped="2" failures="0" errors="0" timestamp="2026-06-26T14:29:51" hostname="DESKTOP-FBUDNCG" time="0.003">
  <properties/>
  <testcase name="shouldExecutePaymentSuccessFlowEndToEnd()" classname="az.unibank.smartorder.order.application.handler.SagaOrderE2EIntegrationTest" time="0.0">
    <skipped/>
  </testcase>
  <testcase name="shouldExecutePaymentFailureFlowEndToEnd()" classname="az.unibank.smartorder.order.application.handler.SagaOrderE2EIntegrationTest" time="0.001">
    <skipped/>
  </testcase>
  <system-out><![CDATA[]]></system-out>
  <system-err><![CDATA[]]></system-err>
</testsuite>
