<?xml version="1.0" encoding="UTF-8"?>
<testsuite name="az.unibank.smartorder.order.application.handler.ProductQueryHandlersTest" tests="3" skipped="0" failures="0" errors="0" timestamp="2026-06-26T14:29:50" hostname="DESKTOP-FBUDNCG" time="1.001">
  <properties/>
  <testcase name="getProduct_concurrentCacheMiss_onlyOneDatabaseLoad()" classname="az.unibank.smartorder.order.application.handler.ProductQueryHandlersTest" time="0.412"/>
  <testcase name="getProduct_whenLockTimesOut_fallsBackToDb()" classname="az.unibank.smartorder.order.application.handler.ProductQueryHandlersTest" time="0.573"/>
  <testcase name="getProduct_whenCacheHit_returnsFromCache()" classname="az.unibank.smartorder.order.application.handler.ProductQueryHandlersTest" time="0.008"/>
  <system-out><![CDATA[]]></system-out>
  <system-err><![CDATA[]]></system-err>
</testsuite>
