<?xml version="1.0" encoding="UTF-8"?>
<testsuite name="az.unibank.smartorder.order.application.handler.CompensationIntegrationTest" tests="1" skipped="1" failures="0" errors="0" timestamp="2026-06-26T14:29:44" hostname="DESKTOP-FBUDNCG" time="0.001">
  <properties/>
  <testcase name="shouldCompensateExactlyOnceUnderConcurrentDelivery()" classname="az.unibank.smartorder.order.application.handler.CompensationIntegrationTest" time="0.001">
    <skipped/>
  </testcase>
  <system-out><![CDATA[]]></system-out>
  <system-err><![CDATA[]]></system-err>
</testsuite>
