<?xml version="1.0" encoding="UTF-8"?>
<testsuite name="az.unibank.smartorder.order.adapter.inbound.web.filter.RateLimitIntegrationTest" tests="1" skipped="1" failures="0" errors="0" timestamp="2026-06-26T13:38:36" hostname="DESKTOP-FBUDNCG" time="0.0">
  <properties/>
  <testcase name="rateLimiter_allowsRequestsUpToLimit_thenReturns429()" classname="az.unibank.smartorder.order.adapter.inbound.web.filter.RateLimitIntegrationTest" time="0.0">
    <skipped/>
  </testcase>
  <system-out><![CDATA[]]></system-out>
  <system-err><![CDATA[]]></system-err>
</testsuite>
