<?xml version="1.0" encoding="UTF-8"?>
<testsuite name="az.unibank.smartorder.payment.infrastructure.gateway.CircuitBreakerIntegrationTest" tests="1" skipped="1" failures="0" errors="0" timestamp="2026-06-26T13:38:46" hostname="DESKTOP-FBUDNCG" time="0.001">
  <properties/>
  <testcase name="shouldOpenCircuitBreakerAfterFailuresAndFallback()" classname="az.unibank.smartorder.payment.infrastructure.gateway.CircuitBreakerIntegrationTest" time="0.001">
    <skipped/>
  </testcase>
  <system-out><![CDATA[]]></system-out>
  <system-err><![CDATA[]]></system-err>
</testsuite>
