<?xml version="1.0" encoding="UTF-8"?>
<testsuite name="az.unibank.smartorder.payment.domain.service.PaymentProcessingServiceTest" tests="2" skipped="0" failures="0" errors="0" timestamp="2026-06-26T14:30:05" hostname="DESKTOP-FBUDNCG" time="4.899">
  <properties/>
  <testcase name="processPayment_whenEventAlreadyProcessed_skipsProcessing()" classname="az.unibank.smartorder.payment.domain.service.PaymentProcessingServiceTest" time="4.785"/>
  <testcase name="processPayment_whenFirstEvent_processesAndSavesIdempotency()" classname="az.unibank.smartorder.payment.domain.service.PaymentProcessingServiceTest" time="0.106"/>
  <system-out><![CDATA[18:30:10.275 [Test worker] INFO az.unibank.smartorder.payment.domain.service.PaymentProcessingService -- Event efb77497-4907-4c57-899a-2c2f1e68a3ca already processed, skipping duplicate
]]></system-out>
  <system-err><![CDATA[WARNING: A Java agent has been loaded dynamically (C:\Users\User\.gradle\caches\modules-2\files-2.1\net.bytebuddy\byte-buddy-agent\1.14.16\4a451ee6484abac3a498df0f3b33ed00a6fced4d\byte-buddy-agent-1.14.16.jar)
WARNING: If a serviceability tool is in use, please run with -XX:+EnableDynamicAgentLoading to hide this warning
WARNING: If a serviceability tool is not in use, please run with -Djdk.instrument.traceUsage for more information
WARNING: Dynamic loading of agents will be disallowed by default in a future release
]]></system-err>
</testsuite>
