<?xml version="1.0" encoding="UTF-8"?>
<testsuite name="az.unibank.smartorder.payment.infrastructure.messaging.consumer.SagaPaymentE2EIntegrationTest" tests="1" skipped="1" failures="0" errors="0" timestamp="2026-06-26T14:30:11" hostname="DESKTOP-FBUDNCG" time="0.0">
  <properties/>
  <testcase name="shouldProcessOrderCreatedEventAndCreatePayment()" classname="az.unibank.smartorder.payment.infrastructure.messaging.consumer.SagaPaymentE2EIntegrationTest" time="0.0">
    <skipped/>
  </testcase>
  <system-out><![CDATA[]]></system-out>
  <system-err><![CDATA[]]></system-err>
</testsuite>
